0 info it worked if it ends with ok
1 verbose cli [ '/usr/bin/node', '/usr/bin/npm', 'init' ]
2 info using npm@3.5.2
3 info using node@v8.10.0
4 silly package data { name: 'chapter1',
4 silly package data   version: '1.0.0',
4 silly package data   description: 'test-app',
4 silly package data   main: 'index.js',
4 silly package data   scripts: { test: 'console.log("Hello")' },
4 silly package data   author: 'sure',
4 silly package data   license: 'ISC',
4 silly package data   dependencies: { express: '^4.17.1', 'generator-express': '^2.17.2' },
4 silly package data   devDependencies: {} }
5 info init written successfully
6 verbose stack Error: EACCES: permission denied, open '/home/sure/Documents/ExpressAndNodejs/expressjs/chapter1/package.json'
7 verbose cwd /home/sure/Documents/ExpressAndNodejs/expressjs/chapter1
8 error Linux 4.15.0-109-generic
9 error argv "/usr/bin/node" "/usr/bin/npm" "init"
10 error node v8.10.0
11 error npm  v3.5.2
12 error path /home/sure/Documents/ExpressAndNodejs/expressjs/chapter1/package.json
13 error code EACCES
14 error errno -13
15 error syscall open
16 error Error: EACCES: permission denied, open '/home/sure/Documents/ExpressAndNodejs/expressjs/chapter1/package.json'
16 error  { Error: EACCES: permission denied, open '/home/sure/Documents/ExpressAndNodejs/expressjs/chapter1/package.json'
16 error   errno: -13,
16 error   code: 'EACCES',
16 error   syscall: 'open',
16 error   path: '/home/sure/Documents/ExpressAndNodejs/expressjs/chapter1/package.json' }
17 error Please try running this command again as root/Administrator.
18 verbose exit [ -13, true ]
